m3u8Download/build/intermediates/manifest_merge_blame_file/debug/manifest-merger-blame-debug-report.txt
1<?xml version="1.0" encoding="utf-8"?>
2<manifest xmlns:android="http://schemas.android.com/apk/res/android"
3    package="jaygoo.library.m3u8downloader"
4    android:versionCode="1"
5    android:versionName="1.0" >
6
7    <uses-sdk
8        android:minSdkVersion="19"
8-->src\main\AndroidManifest.xml
9        android:targetSdkVersion="28" />
9-->src\main\AndroidManifest.xml
10
11    <uses-permission android:name="android.permission.INTERNET" />
11-->src\main\AndroidManifest.xml:5:2-64
11-->src\main\AndroidManifest.xml:5:19-61
12
13    <application
13-->src\main\AndroidManifest.xml:6:2-9:16
14        android:allowBackup="true"
14-->src\main\AndroidManifest.xml:7:3-29
15        android:supportsRtl="true" >
15-->src\main\AndroidManifest.xml:8:3-29
16    </application>
17
18</manifest>